<?xml version="1.0" encoding="utf-8"?><TestRun id="d8f1b947-c4b6-4b9f-b9ff-1e09de7f9040" name="Issac@PMAIZ 2019-10-06 18:07:20" runUser="PMAIZ\Issac" xmlns="http://microsoft.com/schemas/VisualStudio/TeamTest/2010"><Times creation="2019-10-06T18:07:20.4937360+08:00" queuing="2019-10-06T18:07:20.4937444+08:00" start="2019-10-06T18:07:19.4686925+08:00" finish="2019-10-06T18:07:20.5057577+08:00" /><TestSettings name="default" id="db403b93-01a5-492b-bc4e-e423c0565e58"><Deployment runDeploymentRoot="Issac_PMAIZ_2019-10-06_18_07_20" /></TestSettings><Results><UnitTestResult executionId="ead8ff0b-104b-4a0a-9833-0599214fa749" testId="0279f262-92cd-e00e-def8-58f6979a03f5" testName="GetFiles_SubFolder_Case2_Test" computerName="PMAIZ" duration="00:00:00.0009589" startTime="2019-10-06T18:07:20.2556544+08:00" endTime="2019-10-06T18:07:20.2567328+08:00" testType="13cdc9d9-ddb5-4fa4-a97d-d965ccfc6d4b" outcome="Passed" testListId="8c84fa94-04c1-424b-9868-57a2d4851a1d" relativeResultsDirectory="ead8ff0b-104b-4a0a-9833-0599214fa749" /><UnitTestResult executionId="5e5841f3-f463-4ccb-bfd7-1f667c287715" testId="346a543c-71f0-a804-abc7-ec5db1368382" testName="GetFiles_SubFolder_Case1_Test" computerName="PMAIZ" duration="00:00:00.0016004" startTime="2019-10-06T18:07:20.2537009+08:00" endTime="2019-10-06T18:07:20.2554633+08:00" testType="13cdc9d9-ddb5-4fa4-a97d-d965ccfc6d4b" outcome="Passed" testListId="8c84fa94-04c1-424b-9868-57a2d4851a1d" relativeResultsDirectory="5e5841f3-f463-4ccb-bfd7-1f667c287715" /><UnitTestResult executionId="d8bcdc42-b339-44e0-a1c5-9a980504a18b" testId="22c81d2d-09b8-0cba-d2a9-fc29295a590e" testName="GetFiles_RootFolder_Test" computerName="PMAIZ" duration="00:00:00.0181684" startTime="2019-10-06T18:07:20.1834350+08:00" endTime="2019-10-06T18:07:20.2438176+08:00" testType="13cdc9d9-ddb5-4fa4-a97d-d965ccfc6d4b" outcome="Passed" testListId="8c84fa94-04c1-424b-9868-57a2d4851a1d" relativeResultsDirectory="d8bcdc42-b339-44e0-a1c5-9a980504a18b" /><UnitTestResult executionId="41e1e104-49ec-43ef-962b-1d8cf989cf14" testId="04362f3c-e3ac-fba2-b4a9-1d314e45535a" testName="GetFiles_IOException_Test" computerName="PMAIZ" duration="00:00:00.0008089" startTime="2019-10-06T18:07:20.2594411+08:00" endTime="2019-10-06T18:07:20.2603828+08:00" testType="13cdc9d9-ddb5-4fa4-a97d-d965ccfc6d4b" outcome="Passed" testListId="8c84fa94-04c1-424b-9868-57a2d4851a1d" relativeResultsDirectory="41e1e104-49ec-43ef-962b-1d8cf989cf14" /><UnitTestResult executionId="fb18b0df-651f-45eb-9594-2e2d861007ca" testId="b69876ff-114f-e339-a1a4-5c0e9edbe713" testName="GetFiles_ArgumentException_Test" computerName="PMAIZ" duration="00:00:00.0025114" startTime="2019-10-06T18:07:20.2567466+08:00" endTime="2019-10-06T18:07:20.2594297+08:00" testType="13cdc9d9-ddb5-4fa4-a97d-d965ccfc6d4b" outcome="Passed" testListId="8c84fa94-04c1-424b-9868-57a2d4851a1d" relativeResultsDirectory="fb18b0df-651f-45eb-9594-2e2d861007ca" /></Results><TestDefinitions><UnitTest name="GetFiles_IOException_Test" storage="c:\users\issac\source\repos\readtodo\readtodo\unittest\bin\release\netcoreapp2.0\publish\unittest.dll" id="04362f3c-e3ac-fba2-b4a9-1d314e45535a"><Execution id="41e1e104-49ec-43ef-962b-1d8cf989cf14" /><TestMethod codeBase="C:\Users\issac\source\repos\ReadToDo\ReadToDo\UnitTest\bin\Release\netcoreapp2.0\publish\unittest.dll" adapterTypeName="executor://mstestadapter/v2" className="UnitTest.ProgramTest" name="GetFiles_IOException_Test" /></UnitTest><UnitTest name="GetFiles_SubFolder_Case1_Test" storage="c:\users\issac\source\repos\readtodo\readtodo\unittest\bin\release\netcoreapp2.0\publish\unittest.dll" id="346a543c-71f0-a804-abc7-ec5db1368382"><Execution id="5e5841f3-f463-4ccb-bfd7-1f667c287715" /><TestMethod codeBase="C:\Users\issac\source\repos\ReadToDo\ReadToDo\UnitTest\bin\Release\netcoreapp2.0\publish\unittest.dll" adapterTypeName="executor://mstestadapter/v2" className="UnitTest.ProgramTest" name="GetFiles_SubFolder_Case1_Test" /></UnitTest><UnitTest name="GetFiles_ArgumentException_Test" storage="c:\users\issac\source\repos\readtodo\readtodo\unittest\bin\release\netcoreapp2.0\publish\unittest.dll" id="b69876ff-114f-e339-a1a4-5c0e9edbe713"><Execution id="fb18b0df-651f-45eb-9594-2e2d861007ca" /><TestMethod codeBase="C:\Users\issac\source\repos\ReadToDo\ReadToDo\UnitTest\bin\Release\netcoreapp2.0\publish\unittest.dll" adapterTypeName="executor://mstestadapter/v2" className="UnitTest.ProgramTest" name="GetFiles_ArgumentException_Test" /></UnitTest><UnitTest name="GetFiles_RootFolder_Test" storage="c:\users\issac\source\repos\readtodo\readtodo\unittest\bin\release\netcoreapp2.0\publish\unittest.dll" id="22c81d2d-09b8-0cba-d2a9-fc29295a590e"><Execution id="d8bcdc42-b339-44e0-a1c5-9a980504a18b" /><TestMethod codeBase="C:\Users\issac\source\repos\ReadToDo\ReadToDo\UnitTest\bin\Release\netcoreapp2.0\publish\unittest.dll" adapterTypeName="executor://mstestadapter/v2" className="UnitTest.ProgramTest" name="GetFiles_RootFolder_Test" /></UnitTest><UnitTest name="GetFiles_SubFolder_Case2_Test" storage="c:\users\issac\source\repos\readtodo\readtodo\unittest\bin\release\netcoreapp2.0\publish\unittest.dll" id="0279f262-92cd-e00e-def8-58f6979a03f5"><Execution id="ead8ff0b-104b-4a0a-9833-0599214fa749" /><TestMethod codeBase="C:\Users\issac\source\repos\ReadToDo\ReadToDo\UnitTest\bin\Release\netcoreapp2.0\publish\unittest.dll" adapterTypeName="executor://mstestadapter/v2" className="UnitTest.ProgramTest" name="GetFiles_SubFolder_Case2_Test" /></UnitTest></TestDefinitions><TestEntries><TestEntry testId="0279f262-92cd-e00e-def8-58f6979a03f5" executionId="ead8ff0b-104b-4a0a-9833-0599214fa749" testListId="8c84fa94-04c1-424b-9868-57a2d4851a1d" /><TestEntry testId="346a543c-71f0-a804-abc7-ec5db1368382" executionId="5e5841f3-f463-4ccb-bfd7-1f667c287715" testListId="8c84fa94-04c1-424b-9868-57a2d4851a1d" /><TestEntry testId="22c81d2d-09b8-0cba-d2a9-fc29295a590e" executionId="d8bcdc42-b339-44e0-a1c5-9a980504a18b" testListId="8c84fa94-04c1-424b-9868-57a2d4851a1d" /><TestEntry testId="04362f3c-e3ac-fba2-b4a9-1d314e45535a" executionId="41e1e104-49ec-43ef-962b-1d8cf989cf14" testListId="8c84fa94-04c1-424b-9868-57a2d4851a1d" /><TestEntry testId="b69876ff-114f-e339-a1a4-5c0e9edbe713" executionId="fb18b0df-651f-45eb-9594-2e2d861007ca" testListId="8c84fa94-04c1-424b-9868-57a2d4851a1d" /></TestEntries><TestLists><TestList name="Results Not in a List" id="8c84fa94-04c1-424b-9868-57a2d4851a1d" /><TestList name="All Loaded Results" id="19431567-8539-422a-85d7-44ee4e166bda" /></TestLists><ResultSummary outcome="Completed"><Counters total="5" executed="5" passed="5" failed="0" error="0" timeout="0" aborted="0" inconclusive="0" passedButRunAborted="0" notRunnable="0" notExecuted="0" disconnected="0" warning="0" completed="0" inProgress="0" pending="0" /></ResultSummary></TestRun>