<?xml version="1.0" encoding="utf-8"?><TestRun id="66057491-9bcd-42fb-a8fb-05429b58da41" name="Issac@PMAIZ 2019-10-06 18:07:16" runUser="PMAIZ\Issac" xmlns="http://microsoft.com/schemas/VisualStudio/TeamTest/2010"><Times creation="2019-10-06T18:07:16.9232072+08:00" queuing="2019-10-06T18:07:16.9232173+08:00" start="2019-10-06T18:07:15.8041493+08:00" finish="2019-10-06T18:07:16.9354844+08:00" /><TestSettings name="default" id="6443bf96-9430-47f6-81be-f7f17db74406"><Deployment runDeploymentRoot="Issac_PMAIZ_2019-10-06_18_07_16" /></TestSettings><Results><UnitTestResult executionId="2bacd37c-e863-443e-92ff-a214921c006b" testId="b69876ff-114f-e339-a1a4-5c0e9edbe713" testName="GetFiles_ArgumentException_Test" computerName="PMAIZ" duration="00:00:00.0024819" startTime="2019-10-06T18:07:16.6869307+08:00" endTime="2019-10-06T18:07:16.6895967+08:00" testType="13cdc9d9-ddb5-4fa4-a97d-d965ccfc6d4b" outcome="Passed" testListId="8c84fa94-04c1-424b-9868-57a2d4851a1d" relativeResultsDirectory="2bacd37c-e863-443e-92ff-a214921c006b" /><UnitTestResult executionId="929f61d4-4485-459c-ac9b-b95bf4c5db57" testId="04362f3c-e3ac-fba2-b4a9-1d314e45535a" testName="GetFiles_IOException_Test" computerName="PMAIZ" duration="00:00:00.0009226" startTime="2019-10-06T18:07:16.6896113+08:00" endTime="2019-10-06T18:07:16.6906968+08:00" testType="13cdc9d9-ddb5-4fa4-a97d-d965ccfc6d4b" outcome="Passed" testListId="8c84fa94-04c1-424b-9868-57a2d4851a1d" relativeResultsDirectory="929f61d4-4485-459c-ac9b-b95bf4c5db57" /><UnitTestResult executionId="83fa8824-bf0e-45a3-a643-06e6fe567978" testId="346a543c-71f0-a804-abc7-ec5db1368382" testName="GetFiles_SubFolder_Case1_Test" computerName="PMAIZ" duration="00:00:00.0015346" startTime="2019-10-06T18:07:16.6841057+08:00" endTime="2019-10-06T18:07:16.6858084+08:00" testType="13cdc9d9-ddb5-4fa4-a97d-d965ccfc6d4b" outcome="Passed" testListId="8c84fa94-04c1-424b-9868-57a2d4851a1d" relativeResultsDirectory="83fa8824-bf0e-45a3-a643-06e6fe567978" /><UnitTestResult executionId="7c91f567-b6b6-4045-ac14-1e4a9e79c9f6" testId="0279f262-92cd-e00e-def8-58f6979a03f5" testName="GetFiles_SubFolder_Case2_Test" computerName="PMAIZ" duration="00:00:00.0008951" startTime="2019-10-06T18:07:16.6859379+08:00" endTime="2019-10-06T18:07:16.6869166+08:00" testType="13cdc9d9-ddb5-4fa4-a97d-d965ccfc6d4b" outcome="Passed" testListId="8c84fa94-04c1-424b-9868-57a2d4851a1d" relativeResultsDirectory="7c91f567-b6b6-4045-ac14-1e4a9e79c9f6" /><UnitTestResult executionId="7da17aeb-092a-4710-a56b-d227ccca86b9" testId="22c81d2d-09b8-0cba-d2a9-fc29295a590e" testName="GetFiles_RootFolder_Test" computerName="PMAIZ" duration="00:00:00.0181311" startTime="2019-10-06T18:07:16.6022562+08:00" endTime="2019-10-06T18:07:16.6742591+08:00" testType="13cdc9d9-ddb5-4fa4-a97d-d965ccfc6d4b" outcome="Passed" testListId="8c84fa94-04c1-424b-9868-57a2d4851a1d" relativeResultsDirectory="7da17aeb-092a-4710-a56b-d227ccca86b9" /></Results><TestDefinitions><UnitTest name="GetFiles_IOException_Test" storage="c:\users\issac\source\repos\readtodo\readtodo\unittest\bin\release\netcoreapp2.0\publish\unittest.dll" id="04362f3c-e3ac-fba2-b4a9-1d314e45535a"><Execution id="929f61d4-4485-459c-ac9b-b95bf4c5db57" /><TestMethod codeBase="C:\Users\issac\source\repos\ReadToDo\ReadToDo\UnitTest\bin\Release\netcoreapp2.0\publish\unittest.dll" adapterTypeName="executor://mstestadapter/v2" className="UnitTest.ProgramTest" name="GetFiles_IOException_Test" /></UnitTest><UnitTest name="GetFiles_SubFolder_Case1_Test" storage="c:\users\issac\source\repos\readtodo\readtodo\unittest\bin\release\netcoreapp2.0\publish\unittest.dll" id="346a543c-71f0-a804-abc7-ec5db1368382"><Execution id="83fa8824-bf0e-45a3-a643-06e6fe567978" /><TestMethod codeBase="C:\Users\issac\source\repos\ReadToDo\ReadToDo\UnitTest\bin\Release\netcoreapp2.0\publish\unittest.dll" adapterTypeName="executor://mstestadapter/v2" className="UnitTest.ProgramTest" name="GetFiles_SubFolder_Case1_Test" /></UnitTest><UnitTest name="GetFiles_ArgumentException_Test" storage="c:\users\issac\source\repos\readtodo\readtodo\unittest\bin\release\netcoreapp2.0\publish\unittest.dll" id="b69876ff-114f-e339-a1a4-5c0e9edbe713"><Execution id="2bacd37c-e863-443e-92ff-a214921c006b" /><TestMethod codeBase="C:\Users\issac\source\repos\ReadToDo\ReadToDo\UnitTest\bin\Release\netcoreapp2.0\publish\unittest.dll" adapterTypeName="executor://mstestadapter/v2" className="UnitTest.ProgramTest" name="GetFiles_ArgumentException_Test" /></UnitTest><UnitTest name="GetFiles_RootFolder_Test" storage="c:\users\issac\source\repos\readtodo\readtodo\unittest\bin\release\netcoreapp2.0\publish\unittest.dll" id="22c81d2d-09b8-0cba-d2a9-fc29295a590e"><Execution id="7da17aeb-092a-4710-a56b-d227ccca86b9" /><TestMethod codeBase="C:\Users\issac\source\repos\ReadToDo\ReadToDo\UnitTest\bin\Release\netcoreapp2.0\publish\unittest.dll" adapterTypeName="executor://mstestadapter/v2" className="UnitTest.ProgramTest" name="GetFiles_RootFolder_Test" /></UnitTest><UnitTest name="GetFiles_SubFolder_Case2_Test" storage="c:\users\issac\source\repos\readtodo\readtodo\unittest\bin\release\netcoreapp2.0\publish\unittest.dll" id="0279f262-92cd-e00e-def8-58f6979a03f5"><Execution id="7c91f567-b6b6-4045-ac14-1e4a9e79c9f6" /><TestMethod codeBase="C:\Users\issac\source\repos\ReadToDo\ReadToDo\UnitTest\bin\Release\netcoreapp2.0\publish\unittest.dll" adapterTypeName="executor://mstestadapter/v2" className="UnitTest.ProgramTest" name="GetFiles_SubFolder_Case2_Test" /></UnitTest></TestDefinitions><TestEntries><TestEntry testId="b69876ff-114f-e339-a1a4-5c0e9edbe713" executionId="2bacd37c-e863-443e-92ff-a214921c006b" testListId="8c84fa94-04c1-424b-9868-57a2d4851a1d" /><TestEntry testId="04362f3c-e3ac-fba2-b4a9-1d314e45535a" executionId="929f61d4-4485-459c-ac9b-b95bf4c5db57" testListId="8c84fa94-04c1-424b-9868-57a2d4851a1d" /><TestEntry testId="346a543c-71f0-a804-abc7-ec5db1368382" executionId="83fa8824-bf0e-45a3-a643-06e6fe567978" testListId="8c84fa94-04c1-424b-9868-57a2d4851a1d" /><TestEntry testId="0279f262-92cd-e00e-def8-58f6979a03f5" executionId="7c91f567-b6b6-4045-ac14-1e4a9e79c9f6" testListId="8c84fa94-04c1-424b-9868-57a2d4851a1d" /><TestEntry testId="22c81d2d-09b8-0cba-d2a9-fc29295a590e" executionId="7da17aeb-092a-4710-a56b-d227ccca86b9" testListId="8c84fa94-04c1-424b-9868-57a2d4851a1d" /></TestEntries><TestLists><TestList name="Results Not in a List" id="8c84fa94-04c1-424b-9868-57a2d4851a1d" /><TestList name="All Loaded Results" id="19431567-8539-422a-85d7-44ee4e166bda" /></TestLists><ResultSummary outcome="Completed"><Counters total="5" executed="5" passed="5" failed="0" error="0" timeout="0" aborted="0" inconclusive="0" passedButRunAborted="0" notRunnable="0" notExecuted="0" disconnected="0" warning="0" completed="0" inProgress="0" pending="0" /></ResultSummary></TestRun>